Build started 2016-12-03 11:47:14 PM.
     1>Project "C:\Users\Amin\Documents\MEGA\MEGAsync\College\4Semester\C++\Programs\ass03\ass03\ass03.vcxproj" on node 2 (Rebuild target(s)).
     1>ClCompile:
         C:\Program Files (x86)\Microsoft Visual Studio 12.0\VC\bin\CL.exe /c /ZI /nologo /W3 /WX- /Od /Oy- /D WIN32 /D _DEBUG /D _CONSOLE /D _LIB /D _UNICODE /D UNICODE /Gm /EHsc /RTC1 /MDd /GS /fp:precise /Zc:wchar_t /Zc:forScope /Fo"Debug\\" /Fd"Debug\vc120.pdb" /Gd /TP /analyze- /errorReport:prompt ass3.cpp Ellipse.cpp GraphicElement.cpp Line.cpp Pair.cpp Rectangle.cpp VectorGraphic.cpp
         VectorGraphic.cpp
         Rectangle.cpp
         Pair.cpp
         Line.cpp
         GraphicElement.cpp
         Ellipse.cpp
         ass3.cpp
         Generating Code...
     1>c:\users\amin\documents\mega\megasync\college\4semester\c++\programs\ass03\ass03\graphicelement.cpp(110): warning C4700: uninitialized local variable 'line' used
     1>c:\users\amin\documents\mega\megasync\college\4semester\c++\programs\ass03\ass03\graphicelement.cpp(111): warning C4700: uninitialized local variable 'rec' used
     1>c:\users\amin\documents\mega\megasync\college\4semester\c++\programs\ass03\ass03\graphicelement.cpp(112): warning C4700: uninitialized local variable 'elip' used
       Link:
         C:\Program Files (x86)\Microsoft Visual Studio 12.0\VC\bin\link.exe /ERRORREPORT:PROMPT /OUT:"C:\Users\Amin\Documents\MEGA\MEGAsync\College\4Semester\C++\Programs\ass03\Debug\ass03.exe" /INCREMENTAL /NOLOGO kernel32.lib user32.lib gdi32.lib winspool.lib comdlg32.lib advapi32.lib shell32.lib ole32.lib oleaut32.lib uuid.lib odbc32.lib odbccp32.lib /MANIFEST /MANIFESTUAC:"level='asInvoker' uiAccess='false'" /manifest:embed /DEBUG /PDB:"C:\Users\Amin\Documents\MEGA\MEGAsync\College\4Semester\C++\Programs\ass03\Debug\ass03.pdb" /SUBSYSTEM:CONSOLE /TLBID:1 /DYNAMICBASE /NXCOMPAT /IMPLIB:"C:\Users\Amin\Documents\MEGA\MEGAsync\College\4Semester\C++\Programs\ass03\Debug\ass03.lib" /MACHINE:X86 Debug\ass3.obj
         Debug\Ellipse.obj
         Debug\GraphicElement.obj
         Debug\Line.obj
         Debug\Pair.obj
         Debug\Rectangle.obj
         Debug\VectorGraphic.obj
         ass03.vcxproj -> C:\Users\Amin\Documents\MEGA\MEGAsync\College\4Semester\C++\Programs\ass03\Debug\ass03.exe
     1>Done Building Project "C:\Users\Amin\Documents\MEGA\MEGAsync\College\4Semester\C++\Programs\ass03\ass03\ass03.vcxproj" (Rebuild target(s)).

Build succeeded.

Time Elapsed 00:00:03.88
