Build started 2016-10-13 3:00:59 PM.
     1>Project "C:\Users\Amin\Documents\MEGA\MEGAsync\College\4Semester\C++\Programs\ass01\ass01\ass01.vcxproj" on node 2 (Rebuild target(s)).
     1>ClCompile:
         C:\Program Files (x86)\Microsoft Visual Studio 12.0\VC\bin\CL.exe /c /ZI /nologo /W3 /WX- /Od /Oy- /D WIN32 /D _DEBUG /D _CONSOLE /D _LIB /D _UNICODE /D UNICODE /Gm /EHsc /RTC1 /MDd /GS /fp:precise /Zc:wchar_t /Zc:forScope /Fo"Debug\\" /Fd"Debug\vc120.pdb" /Gd /TP /analyze- /errorReport:prompt ass1.cpp VectorGraphic.cpp
         VectorGraphic.cpp
     1>c:\users\amin\documents\mega\megasync\college\4semester\c++\programs\ass01\ass01\vectorgraphic.cpp(25): warning C4018: '<' : signed/unsigned mismatch
     1>c:\users\amin\documents\mega\megasync\college\4semester\c++\programs\ass01\ass01\vectorgraphic.cpp(28): warning C4996: 'strcpy': This function or variable may be unsafe. Consider using strcpy_s instead. To disable deprecation, use _CRT_SECURE_NO_WARNINGS. See online help for details.
                 c:\program files (x86)\microsoft visual studio 12.0\vc\include\string.h(112) : see declaration of 'strcpy'
     1>c:\users\amin\documents\mega\megasync\college\4semester\c++\programs\ass01\ass01\vectorgraphic.cpp(30): warning C4018: '<' : signed/unsigned mismatch
     1>c:\users\amin\documents\mega\megasync\college\4semester\c++\programs\ass01\ass01\vectorgraphic.cpp(61): warning C4018: '<' : signed/unsigned mismatch
     1>c:\users\amin\documents\mega\megasync\college\4semester\c++\programs\ass01\ass01\vectorgraphic.cpp(65): warning C4018: '<' : signed/unsigned mismatch
     1>c:\users\amin\documents\mega\megasync\college\4semester\c++\programs\ass01\ass01\vectorgraphic.cpp(85): warning C4996: 'strcpy': This function or variable may be unsafe. Consider using strcpy_s instead. To disable deprecation, use _CRT_SECURE_NO_WARNINGS. See online help for details.
                 c:\program files (x86)\microsoft visual studio 12.0\vc\include\string.h(112) : see declaration of 'strcpy'
     1>c:\users\amin\documents\mega\megasync\college\4semester\c++\programs\ass01\ass01\vectorgraphic.cpp(87): warning C4018: '<' : signed/unsigned mismatch
     1>c:\users\amin\documents\mega\megasync\college\4semester\c++\programs\ass01\ass01\vectorgraphic.cpp(91): warning C4018: '<' : signed/unsigned mismatch
     1>c:\users\amin\documents\mega\megasync\college\4semester\c++\programs\ass01\ass01\vectorgraphic.cpp(95): warning C4996: 'strcpy': This function or variable may be unsafe. Consider using strcpy_s instead. To disable deprecation, use _CRT_SECURE_NO_WARNINGS. See online help for details.
                 c:\program files (x86)\microsoft visual studio 12.0\vc\include\string.h(112) : see declaration of 'strcpy'
     1>c:\users\amin\documents\mega\megasync\college\4semester\c++\programs\ass01\ass01\vectorgraphic.cpp(97): warning C4018: '<' : signed/unsigned mismatch
         ass1.cpp
         Generating Code...
       Link:
         C:\Program Files (x86)\Microsoft Visual Studio 12.0\VC\bin\link.exe /ERRORREPORT:PROMPT /OUT:"C:\Users\Amin\Documents\MEGA\MEGAsync\College\4Semester\C++\Programs\ass01\Debug\ass01.exe" /INCREMENTAL /NOLOGO kernel32.lib user32.lib gdi32.lib winspool.lib comdlg32.lib advapi32.lib shell32.lib ole32.lib oleaut32.lib uuid.lib odbc32.lib odbccp32.lib /MANIFEST /MANIFESTUAC:"level='asInvoker' uiAccess='false'" /manifest:embed /DEBUG /PDB:"C:\Users\Amin\Documents\MEGA\MEGAsync\College\4Semester\C++\Programs\ass01\Debug\ass01.pdb" /SUBSYSTEM:CONSOLE /TLBID:1 /DYNAMICBASE /NXCOMPAT /IMPLIB:"C:\Users\Amin\Documents\MEGA\MEGAsync\College\4Semester\C++\Programs\ass01\Debug\ass01.lib" /MACHINE:X86 Debug\ass1.obj
         Debug\VectorGraphic.obj
         ass01.vcxproj -> C:\Users\Amin\Documents\MEGA\MEGAsync\College\4Semester\C++\Programs\ass01\Debug\ass01.exe
     1>Done Building Project "C:\Users\Amin\Documents\MEGA\MEGAsync\College\4Semester\C++\Programs\ass01\ass01\ass01.vcxproj" (Rebuild target(s)).

Build succeeded.

Time Elapsed 00:00:01.44
