Build started 2016-11-12 11:55:05 PM.
     1>Project "C:\Users\Amin\Documents\MEGA\MEGAsync\College\4Semester\C++\Programs\ass02\ass02\ass02.vcxproj" on node 2 (Rebuild target(s)).
     1>ClCompile:
         C:\Program Files (x86)\Microsoft Visual Studio 12.0\VC\bin\CL.exe /c /IC:\Users\Amin\Documents\MEGA\MEGAsync\College\4Semester\C++\Programs\ass02\ass02 /ZI /nologo /W3 /WX- /sdl /Od /Oy- /D WIN32 /D _DEBUG /D _CONSOLE /D _LIB /D _UNICODE /D UNICODE /Gm /EHsc /RTC1 /MDd /GS /fp:precise /Zc:wchar_t /Zc:forScope /Fo"Debug\\" /Fd"Debug\vc120.pdb" /Gd /TP /analyze- /errorReport:prompt ass1.cpp GraphicElement.cpp Line.cpp Point.cpp VectorGraphic.cpp
         VectorGraphic.cpp
     1>c:\users\amin\documents\mega\megasync\college\4semester\c++\programs\ass02\ass02\vectorgraphic.cpp(92): warning C4018: '<' : signed/unsigned mismatch
         Point.cpp
         Line.cpp
         GraphicElement.cpp
         ass1.cpp
         Generating Code...
       Link:
         C:\Program Files (x86)\Microsoft Visual Studio 12.0\VC\bin\link.exe /ERRORREPORT:PROMPT /OUT:"C:\Users\Amin\Documents\MEGA\MEGAsync\College\4Semester\C++\Programs\ass02\Debug\ass02.exe" /INCREMENTAL /NOLOGO kernel32.lib user32.lib gdi32.lib winspool.lib comdlg32.lib advapi32.lib shell32.lib ole32.lib oleaut32.lib uuid.lib odbc32.lib odbccp32.lib /MANIFEST /MANIFESTUAC:"level='asInvoker' uiAccess='false'" /manifest:embed /DEBUG /PDB:"C:\Users\Amin\Documents\MEGA\MEGAsync\College\4Semester\C++\Programs\ass02\Debug\ass02.pdb" /SUBSYSTEM:CONSOLE /TLBID:1 /DYNAMICBASE /NXCOMPAT /IMPLIB:"C:\Users\Amin\Documents\MEGA\MEGAsync\College\4Semester\C++\Programs\ass02\Debug\ass02.lib" /MACHINE:X86 Debug\ass1.obj
         Debug\GraphicElement.obj
         Debug\Line.obj
         Debug\Point.obj
         Debug\VectorGraphic.obj
         ass02.vcxproj -> C:\Users\Amin\Documents\MEGA\MEGAsync\College\4Semester\C++\Programs\ass02\Debug\ass02.exe
     1>Done Building Project "C:\Users\Amin\Documents\MEGA\MEGAsync\College\4Semester\C++\Programs\ass02\ass02\ass02.vcxproj" (Rebuild target(s)).

Build succeeded.

Time Elapsed 00:00:02.42
